[debug] [2021-06-26T08:28:32.814Z] ----------------------------------------------------------------------
[debug] [2021-06-26T08:28:32.816Z] Command:       /usr/local/bin/node /usr/local/bin/firebase init
[debug] [2021-06-26T08:28:32.816Z] CLI Version:   9.12.1
[debug] [2021-06-26T08:28:32.816Z] Platform:      darwin
[debug] [2021-06-26T08:28:32.816Z] Node Version:  v14.17.0
[debug] [2021-06-26T08:28:32.821Z] Time:          Sat Jun 26 2021 13:58:32 GMT+0530 (India Standard Time)
[debug] [2021-06-26T08:28:32.821Z] ----------------------------------------------------------------------
[debug] 
[debug] [2021-06-26T08:28:32.823Z] >>> [apiv2][query] GET https://firebase-public.firebaseio.com/cli.json [none]
[debug] [2021-06-26T08:28:32.841Z] > command requires scopes: ["email","openid","https://www.googleapis.com/auth/cloudplatformprojects.readonly","https://www.googleapis.com/auth/firebase","https://www.googleapis.com/auth/cloud-platform"]
[debug] [2021-06-26T08:28:32.842Z] > authorizing via signed-in user (densecdeveloper@gmail.com)
[info] 
     ######## #### ########  ######## ########     ###     ######  ########
     ##        ##  ##     ## ##       ##     ##  ##   ##  ##       ##
     ######    ##  ########  ######   ########  #########  ######  ######
     ##        ##  ##    ##  ##       ##     ## ##     ##       ## ##
     ##       #### ##     ## ######## ########  ##     ##  ######  ########

You're about to initialize a Firebase project in this directory:

  /Users/densec/Desktop/github/todo-firebase

[debug] [2021-06-26T08:28:33.845Z] <<< [apiv2][status] GET https://firebase-public.firebaseio.com/cli.json 200
[debug] [2021-06-26T08:28:33.845Z] <<< [apiv2][body] GET https://firebase-public.firebaseio.com/cli.json {"cloudBuildErrorAfter":1594252800000,"cloudBuildWarnAfter":1590019200000,"defaultNode10After":1594252800000,"minVersion":"3.0.5","node8DeploysDisabledAfter":1613390400000,"node8RuntimeDisabledAfter":1615809600000,"node8WarnAfter":1600128000000}
